<?xml version="1.0" encoding="UTF-8"?>
<!-- Generated by org.testng.reporters.JUnitReportReporter -->
<testsuite hostname="LAPTOP-T6BMTF37" failures="0" tests="5" name="com.Learning_TestNG.Learning_Invocation_Count_Attribute" time="78.039" errors="0" timestamp="2024-01-09T18:15:32 IST" skipped="0">
  <testcase classname="com.Learning_TestNG.Learning_Invocation_Count_Attribute" name="loginTest" time="26.302"/>
  <system-out/>
  <testcase classname="com.Learning_TestNG.Learning_Invocation_Count_Attribute" name="loginTest" time="12.978"/>
  <system-out/>
  <testcase classname="com.Learning_TestNG.Learning_Invocation_Count_Attribute" name="loginTest" time="13.111"/>
  <system-out/>
  <testcase classname="com.Learning_TestNG.Learning_Invocation_Count_Attribute" name="loginTest" time="12.556"/>
  <system-out/>
  <testcase classname="com.Learning_TestNG.Learning_Invocation_Count_Attribute" name="loginTest" time="13.092"/>
  <system-out/>
</testsuite> <!-- com.Learning_TestNG.Learning_Invocation_Count_Attribute -->
