<?xml version="1.0" encoding="UTF-8"?>
<!-- Generated by org.testng.reporters.JUnitReportReporter -->
<testsuite hostname="LAPTOP-T6BMTF37" failures="0" tests="3" name="com.Learning_TestNG.Learning_Miltiple_Data_Excel" time="42.784" errors="0" timestamp="2024-01-22T21:14:55 IST" skipped="0">
  <testcase classname="com.Learning_TestNG.Learning_Miltiple_Data_Excel" name="login" time="8.963"/>
  <system-out/>
  <testcase classname="com.Learning_TestNG.Learning_Miltiple_Data_Excel" name="login" time="8.925"/>
  <system-out/>
  <testcase classname="com.Learning_TestNG.Learning_Miltiple_Data_Excel" name="login" time="24.896"/>
  <system-out/>
</testsuite> <!-- com.Learning_TestNG.Learning_Miltiple_Data_Excel -->
