<?xml version="1.0" encoding="UTF-8"?>
<!-- Generated by org.testng.reporters.JUnitReportReporter -->
<testsuite hostname="LAPTOP-T6BMTF37" failures="0" tests="1" name="com.testScripts.TC003_RemoveFromCart" time="11.032" errors="0" timestamp="2024-01-24T05:10:14 IST" skipped="0">
  <testcase classname="com.testScripts.TC003_RemoveFromCart" name="removeFromCart" time="11.032"/>
  <system-out/>
</testsuite> <!-- com.testScripts.TC003_RemoveFromCart -->
