<?xml version="1.0" encoding="UTF-8"?>
<!-- Generated by org.testng.reporters.JUnitReportReporter -->
<testsuite hostname="LAPTOP-T6BMTF37" failures="0" tests="4" name="practice_Programm.Facebook" time="54.707" errors="0" timestamp="2024-01-24T14:15:24 IST" skipped="1">
  <testcase classname="practice_Programm.Facebook" name="login" time="25.911"/>
  <system-out/>
  <testcase classname="practice_Programm.Facebook" name="login" time="18.462"/>
  <system-out/>
  <testcase classname="practice_Programm.Facebook" name="login" time="10.334"/>
  <system-out/>
  <testcase classname="practice_Programm.Facebook" name="signUp">
    <skipped/>
  </testcase> <!-- signUp -->
  <system-out/>
</testsuite> <!-- practice_Programm.Facebook -->
