<?xml version="1.0" encoding="UTF-8"?>
<!-- Generated by org.testng.reporters.JUnitReportReporter -->
<testsuite hostname="LAPTOP-T6BMTF37" failures="0" tests="1" name="com.Learning_TestNG.Learning_Hard_Assert" time="89.079" errors="0" timestamp="2024-01-16T18:50:07 IST" skipped="0">
  <testcase classname="com.Learning_TestNG.Learning_Hard_Assert" name="demoWebShopLogin" time="89.079"/>
  <system-out/>
</testsuite> <!-- com.Learning_TestNG.Learning_Hard_Assert -->
