<?xml version="1.0" encoding="UTF-8"?>
<!-- Generated by org.testng.reporters.JUnitReportReporter -->
<testsuite hostname="LAPTOP-T6BMTF37" failures="0" tests="1" name="com.Learning_TestNG.Learning_ITestListner" time="4.340" errors="0" timestamp="2024-01-22T21:39:28 IST" skipped="0">
  <testcase classname="com.Learning_TestNG.Learning_ITestListner" name="loginm" time="4.340"/>
  <system-out/>
</testsuite> <!-- com.Learning_TestNG.Learning_ITestListner -->
