<?xml version="1.0" encoding="UTF-8"?>
<!-- Generated by org.testng.reporters.JUnitReportReporter -->
<testsuite hostname="LAPTOP-T6BMTF37" failures="0" tests="3" name="com.Learning_TestNG.Learning_Depends_On_Methods" time="64.581" errors="0" timestamp="2024-01-09T17:49:21 IST" skipped="0">
  <testcase classname="com.Learning_TestNG.Learning_Depends_On_Methods" name="search" time="14.311"/>
  <system-out/>
  <testcase classname="com.Learning_TestNG.Learning_Depends_On_Methods" name="loginTest" time="13.833"/>
  <system-out/>
  <testcase classname="com.Learning_TestNG.Learning_Depends_On_Methods" name="resgisterTest" time="36.437"/>
  <system-out/>
</testsuite> <!-- com.Learning_TestNG.Learning_Depends_On_Methods -->
