<?xml version="1.0" encoding="UTF-8"?>
<!-- Generated by org.testng.reporters.JUnitReportReporter -->
<testsuite hostname="LAPTOP-T6BMTF37" failures="0" tests="1" name="practice_Programm.Calendar_Popup_Pom_Class_Stale_Resolve" time="39.320" errors="0" timestamp="2024-01-25T01:55:06 IST" skipped="0">
  <testcase classname="practice_Programm.Calendar_Popup_Pom_Class_Stale_Resolve" name="calendar_Popup" time="39.320"/>
  <system-out/>
</testsuite> <!-- practice_Programm.Calendar_Popup_Pom_Class_Stale_Resolve -->
