<?xml version="1.0" encoding="UTF-8"?>
<!-- Generated by org.testng.reporters.JUnitReportReporter -->
<testsuite hostname="LAPTOP-T6BMTF37" failures="0" tests="1" name="com.testScripts.TC001_Search_Test" time="6.223" errors="0" timestamp="2024-01-24T04:51:37 IST" skipped="0">
  <testcase classname="com.testScripts.TC001_Search_Test" name="TC001" time="6.223"/>
  <system-out/>
</testsuite> <!-- com.testScripts.TC001_Search_Test -->
