<?xml version="1.0" encoding="UTF-8"?>
<!-- Generated by org.testng.reporters.JUnitReportReporter -->
<testsuite hostname="LAPTOP-T6BMTF37" failures="0" tests="3" name="com.Learning_TestNG.First_TestNG_Class" time="0.031" errors="0" timestamp="2024-01-09T16:11:31 IST" skipped="0">
  <testcase classname="com.Learning_TestNG.First_TestNG_Class" name="login" time="0.002"/>
  <system-out>
    <![CDATA[This is my 1st Test case]]>
  </system-out>
  <testcase classname="com.Learning_TestNG.First_TestNG_Class" name="help" time="0.027"/>
  <system-out>
    <![CDATA[This is my 3st Test case]]>
  </system-out>
  <testcase classname="com.Learning_TestNG.First_TestNG_Class" name="register" time="0.002"/>
  <system-out>
    <![CDATA[This is my 2st Test case]]>
  </system-out>
</testsuite> <!-- com.Learning_TestNG.First_TestNG_Class -->
