<?xml version="1.0" encoding="UTF-8"?>
<!-- Generated by org.testng.reporters.JUnitReportReporter -->
<testsuite hostname="LAPTOP-T6BMTF37" failures="0" tests="2" name="com.Learning_TestNG.Learning_Enabled_Attribute" time="28.271" errors="0" timestamp="2024-01-09T18:00:20 IST" skipped="1">
  <testcase classname="com.Learning_TestNG.Learning_Enabled_Attribute" name="loginTest" time="28.271"/>
  <system-out/>
  <testcase classname="com.Learning_TestNG.Learning_Enabled_Attribute" name="resgisterTest">
    <skipped/>
  </testcase> <!-- resgisterTest -->
  <system-out/>
</testsuite> <!-- com.Learning_TestNG.Learning_Enabled_Attribute -->
