<?xml version="1.0" encoding="UTF-8"?>
<!-- Generated by org.testng.reporters.JUnitReportReporter -->
<testsuite hostname="LAPTOP-T6BMTF37" failures="0" tests="2" name="com.Learning_TestNG.Learning_Priority_Atrribute" time="34.031" errors="0" timestamp="2024-01-09T17:25:29 IST" skipped="0">
  <testcase classname="com.Learning_TestNG.Learning_Priority_Atrribute" name="resgisterTest" time="20.510"/>
  <system-out/>
  <testcase classname="com.Learning_TestNG.Learning_Priority_Atrribute" name="loginTest" time="13.521"/>
  <system-out/>
</testsuite> <!-- com.Learning_TestNG.Learning_Priority_Atrribute -->
