<?xml version="1.0" encoding="UTF-8"?>
<!-- Generated by org.testng.reporters.JUnitReportReporter -->
<testsuite hostname="LAPTOP-T6BMTF37" failures="0" tests="1" name="com.Learning_TestNG.Learning_Excel_File" time="33.364" errors="0" timestamp="2024-01-19T18:56:47 IST" skipped="0">
  <testcase classname="com.Learning_TestNG.Learning_Excel_File" name="register" time="33.364"/>
  <system-out/>
</testsuite> <!-- com.Learning_TestNG.Learning_Excel_File -->
