<?xml version="1.0" encoding="UTF-8"?>
<!-- Generated by org.testng.reporters.JUnitReportReporter -->
<testsuite hostname="LAPTOP-T6BMTF37" failures="0" tests="4" name="com.Learning_TestNG.practise_TestNG.DataProvider_MultiDimensionArray_Data_Feeding" time="40.544" errors="0" timestamp="2024-01-10T13:36:26 IST" skipped="0">
  <testcase classname="com.Learning_TestNG.practise_TestNG.DataProvider_MultiDimensionArray_Data_Feeding" name="loginTest" time="16.032"/>
  <system-out/>
  <testcase classname="com.Learning_TestNG.practise_TestNG.DataProvider_MultiDimensionArray_Data_Feeding" name="loginTest" time="8.152"/>
  <system-out/>
  <testcase classname="com.Learning_TestNG.practise_TestNG.DataProvider_MultiDimensionArray_Data_Feeding" name="loginTest" time="8.304"/>
  <system-out/>
  <testcase classname="com.Learning_TestNG.practise_TestNG.DataProvider_MultiDimensionArray_Data_Feeding" name="loginTest" time="8.056"/>
  <system-out/>
</testsuite> <!-- com.Learning_TestNG.practise_TestNG.DataProvider_MultiDimensionArray_Data_Feeding -->
