<?xml version="1.0" encoding="UTF-8"?>
<!-- Generated by org.testng.reporters.JUnitReportReporter -->
<testsuite hostname="LAPTOP-T6BMTF37" failures="0" tests="1" name="com.Learning_TestNG.New_Interview" time="18.761" errors="0" timestamp="2024-01-19T13:10:15 IST" skipped="0">
  <testcase classname="com.Learning_TestNG.New_Interview" name="myntra" time="18.761"/>
  <system-out/>
</testsuite> <!-- com.Learning_TestNG.New_Interview -->
