<?xml version="1.0" encoding="UTF-8"?>
<!-- Generated by org.testng.reporters.JUnitReportReporter -->
<testsuite hostname="LAPTOP-T6BMTF37" failures="0" tests="1" name="com.testScripts.TC002_AddToCart_Test" time="9.407" errors="0" timestamp="2024-01-24T05:05:37 IST" skipped="0">
  <testcase classname="com.testScripts.TC002_AddToCart_Test" name="addTOCart" time="9.407"/>
  <system-out/>
</testsuite> <!-- com.testScripts.TC002_AddToCart_Test -->
