<?xml version="1.0" encoding="UTF-8"?>
<!-- Generated by org.testng.reporters.JUnitReportReporter -->
<testsuite hostname="LAPTOP-T6BMTF37" failures="0" tests="20" name="com.Learning_TestNG.Learning_Flipkart_20" time="280.990" errors="0" timestamp="2024-01-22T22:34:04 IST" skipped="0">
  <testcase classname="com.Learning_TestNG.Learning_Flipkart_20" name="flipkart" time="13.872"/>
  <system-out/>
  <testcase classname="com.Learning_TestNG.Learning_Flipkart_20" name="flipkart" time="13.892"/>
  <system-out/>
  <testcase classname="com.Learning_TestNG.Learning_Flipkart_20" name="flipkart" time="13.330"/>
  <system-out/>
  <testcase classname="com.Learning_TestNG.Learning_Flipkart_20" name="flipkart" time="13.088"/>
  <system-out/>
  <testcase classname="com.Learning_TestNG.Learning_Flipkart_20" name="flipkart" time="12.962"/>
  <system-out/>
  <testcase classname="com.Learning_TestNG.Learning_Flipkart_20" name="flipkart" time="12.722"/>
  <system-out/>
  <testcase classname="com.Learning_TestNG.Learning_Flipkart_20" name="flipkart" time="14.521"/>
  <system-out/>
  <testcase classname="com.Learning_TestNG.Learning_Flipkart_20" name="flipkart" time="11.994"/>
  <system-out/>
  <testcase classname="com.Learning_TestNG.Learning_Flipkart_20" name="flipkart" time="14.436"/>
  <system-out/>
  <testcase classname="com.Learning_TestNG.Learning_Flipkart_20" name="flipkart" time="13.255"/>
  <system-out/>
  <testcase classname="com.Learning_TestNG.Learning_Flipkart_20" name="flipkart" time="12.056"/>
  <system-out/>
  <testcase classname="com.Learning_TestNG.Learning_Flipkart_20" name="flipkart" time="16.396"/>
  <system-out/>
  <testcase classname="com.Learning_TestNG.Learning_Flipkart_20" name="flipkart" time="13.081"/>
  <system-out/>
  <testcase classname="com.Learning_TestNG.Learning_Flipkart_20" name="flipkart" time="24.608"/>
  <system-out/>
  <testcase classname="com.Learning_TestNG.Learning_Flipkart_20" name="flipkart" time="12.823"/>
  <system-out/>
  <testcase classname="com.Learning_TestNG.Learning_Flipkart_20" name="flipkart" time="13.636"/>
  <system-out/>
  <testcase classname="com.Learning_TestNG.Learning_Flipkart_20" name="flipkart" time="13.148"/>
  <system-out/>
  <testcase classname="com.Learning_TestNG.Learning_Flipkart_20" name="flipkart" time="13.765"/>
  <system-out/>
  <testcase classname="com.Learning_TestNG.Learning_Flipkart_20" name="flipkart" time="13.972"/>
  <system-out/>
  <testcase classname="com.Learning_TestNG.Learning_Flipkart_20" name="flipkart" time="13.433"/>
  <system-out/>
</testsuite> <!-- com.Learning_TestNG.Learning_Flipkart_20 -->
