<?xml version="1.0" encoding="UTF-8"?>
<!-- Generated by org.testng.reporters.JUnitReportReporter -->
<testsuite hostname="LAPTOP-T6BMTF37" failures="0" tests="2" name="com.Learning_TestNG.Learning_Configuration_Annotations" time="0.031" errors="0" timestamp="2024-01-10T18:04:33 IST" skipped="0">
  <testcase classname="com.Learning_TestNG.Learning_Configuration_Annotations" name="test1" time="0.014"/>
  <system-out>
    <![CDATA[Executing Test1]]>
  </system-out>
  <testcase classname="com.Learning_TestNG.Learning_Configuration_Annotations" name="test2" time="0.017"/>
  <system-out>
    <![CDATA[Executing Test2]]>
  </system-out>
</testsuite> <!-- com.Learning_TestNG.Learning_Configuration_Annotations -->
